app/build/intermediates/manifest_merge_blame_file/debug/processDebugMainManifest/manifest-merger-blame-debug-report.txt
1<?xml version="1.0" encoding="utf-8"?>
2<manifest xmlns:android="http://schemas.android.com/apk/res/android"
3    package="com.example.adlerlife"
4    android:versionCode="1"
5    android:versionName="1.0" >
6
7    <uses-sdk
8        android:minSdkVersion="26"
9        android:targetSdkVersion="34" />
10
11    <uses-permission android:name="android.permission.INTERNET" />
11-->src\main\AndroidManifest.xml:2:5-67
11-->src\main\AndroidManifest.xml:2:22-64
12
13    <permission
13-->[androidx.core:core:1.13.1] AndroidManifest.xml:22:5-24:47
14        android:name="com.example.adlerlife.DYNAMIC_RECEIVER_NOT_EXPORTED_PERMISSION"
14-->[androidx.core:core:1.13.1] AndroidManifest.xml:23:9-81
15        android:protectionLevel="signature" />
15-->[androidx.core:core:1.13.1] AndroidManifest.xml:24:9-44
16
17    <uses-permission android:name="com.example.adlerlife.DYNAMIC_RECEIVER_NOT_EXPORTED_PERMISSION" />
17-->[androidx.core:core:1.13.1] AndroidManifest.xml:26:5-97
17-->[androidx.core:core:1.13.1] AndroidManifest.xml:26:22-94
18
19    <application
19-->src\main\AndroidManifest.xml:4:5-20:19
20        android:allowBackup="true"
20-->src\main\AndroidManifest.xml:5:9-35
21        android:appComponentFactory="androidx.core.app.CoreComponentFactory"
21-->[androidx.core:core:1.13.1] AndroidManifest.xml:28:18-86
22        android:debuggable="true"
23        android:extractNativeLibs="false"
24        android:icon="@android:drawable/ic_menu_my_calendar"
24-->src\main\AndroidManifest.xml:6:9-61
25        android:label="Adler Life"
25-->src\main\AndroidManifest.xml:7:9-35
26        android:roundIcon="@android:drawable/ic_menu_my_calendar"
26-->src\main\AndroidManifest.xml:8:9-66
27        android:supportsRtl="true"
27-->src\main\AndroidManifest.xml:9:9-35
28        android:testOnly="true"
29        android:theme="@style/Theme.AdlerLife" >
29-->src\main\AndroidManifest.xml:10:9-47
30        <activity
30-->src\main\AndroidManifest.xml:11:9-19:20
31            android:name="com.example.adlerlife.MainActivity"
31-->src\main\AndroidManifest.xml:12:13-41
32            android:exported="true" >
32-->src\main\AndroidManifest.xml:13:13-36
33            <intent-filter>
33-->src\main\AndroidManifest.xml:14:13-18:29
34                <action android:name="android.intent.action.MAIN" />
34-->src\main\AndroidManifest.xml:15:17-69
34-->src\main\AndroidManifest.xml:15:25-66
35
36                <category android:name="android.intent.category.LAUNCHER" />
36-->src\main\AndroidManifest.xml:17:17-77
36-->src\main\AndroidManifest.xml:17:27-74
37            </intent-filter>
38        </activity>
39        <activity
39-->[androidx.compose.ui:ui-tooling-android:1.6.7] AndroidManifest.xml:23:9-25:39
40            android:name="androidx.compose.ui.tooling.PreviewActivity"
40-->[androidx.compose.ui:ui-tooling-android:1.6.7] AndroidManifest.xml:24:13-71
41            android:exported="true" />
41-->[androidx.compose.ui:ui-tooling-android:1.6.7] AndroidManifest.xml:25:13-36
42
43        <provider
43-->[androidx.emoji2:emoji2:1.3.0] AndroidManifest.xml:24:9-32:20
44            android:name="androidx.startup.InitializationProvider"
44-->[androidx.emoji2:emoji2:1.3.0] AndroidManifest.xml:25:13-67
45            android:authorities="com.example.adlerlife.androidx-startup"
45-->[androidx.emoji2:emoji2:1.3.0] AndroidManifest.xml:26:13-68
46            android:exported="false" >
46-->[androidx.emoji2:emoji2:1.3.0] AndroidManifest.xml:27:13-37
47            <meta-data
47-->[androidx.emoji2:emoji2:1.3.0] AndroidManifest.xml:29:13-31:52
48                android:name="androidx.emoji2.text.EmojiCompatInitializer"
48-->[androidx.emoji2:emoji2:1.3.0] AndroidManifest.xml:30:17-75
49                android:value="androidx.startup" />
49-->[androidx.emoji2:emoji2:1.3.0] AndroidManifest.xml:31:17-49
50            <meta-data
50-->[androidx.lifecycle:lifecycle-process:2.8.7] AndroidManifest.xml:29:13-31:52
51                android:name="androidx.lifecycle.ProcessLifecycleInitializer"
51-->[androidx.lifecycle:lifecycle-process:2.8.7] AndroidManifest.xml:30:17-78
52                android:value="androidx.startup" />
52-->[androidx.lifecycle:lifecycle-process:2.8.7] AndroidManifest.xml:31:17-49
53            <meta-data
53-->[androidx.profileinstaller:profileinstaller:1.3.1] AndroidManifest.xml:29:13-31:52
54                android:name="androidx.profileinstaller.ProfileInstallerInitializer"
54-->[androidx.profileinstaller:profileinstaller:1.3.1] AndroidManifest.xml:30:17-85
55                android:value="androidx.startup" />
55-->[androidx.profileinstaller:profileinstaller:1.3.1] AndroidManifest.xml:31:17-49
56        </provider>
57
58        <service
58-->[androidx.room:room-runtime-android:2.8.4] AndroidManifest.xml:24:9-28:63
59            android:name="androidx.room.MultiInstanceInvalidationService"
59-->[androidx.room:room-runtime-android:2.8.4] AndroidManifest.xml:25:13-74
60            android:directBootAware="true"
60-->[androidx.room:room-runtime-android:2.8.4] AndroidManifest.xml:26:13-43
61            android:exported="false" />
61-->[androidx.room:room-runtime-android:2.8.4] AndroidManifest.xml:27:13-37
62
63        <receiver
63-->[androidx.profileinstaller:profileinstaller:1.3.1] AndroidManifest.xml:34:9-52:20
64            android:name="androidx.profileinstaller.ProfileInstallReceiver"
64-->[androidx.profileinstaller:profileinstaller:1.3.1] AndroidManifest.xml:35:13-76
65            android:directBootAware="false"
65-->[androidx.profileinstaller:profileinstaller:1.3.1] AndroidManifest.xml:36:13-44
66            android:enabled="true"
66-->[androidx.profileinstaller:profileinstaller:1.3.1] AndroidManifest.xml:37:13-35
67            android:exported="true"
67-->[androidx.profileinstaller:profileinstaller:1.3.1] AndroidManifest.xml:38:13-36
68            android:permission="android.permission.DUMP" >
68-->[androidx.profileinstaller:profileinstaller:1.3.1] AndroidManifest.xml:39:13-57
69            <intent-filter>
69-->[androidx.profileinstaller:profileinstaller:1.3.1] AndroidManifest.xml:40:13-42:29
70                <action android:name="androidx.profileinstaller.action.INSTALL_PROFILE" />
70-->[androidx.profileinstaller:profileinstaller:1.3.1] AndroidManifest.xml:41:17-91
70-->[androidx.profileinstaller:profileinstaller:1.3.1] AndroidManifest.xml:41:25-88
71            </intent-filter>
72            <intent-filter>
72-->[androidx.profileinstaller:profileinstaller:1.3.1] AndroidManifest.xml:43:13-45:29
73                <action android:name="androidx.profileinstaller.action.SKIP_FILE" />
73-->[androidx.profileinstaller:profileinstaller:1.3.1] AndroidManifest.xml:44:17-85
73-->[androidx.profileinstaller:profileinstaller:1.3.1] AndroidManifest.xml:44:25-82
74            </intent-filter>
75            <intent-filter>
75-->[androidx.profileinstaller:profileinstaller:1.3.1] AndroidManifest.xml:46:13-48:29
76                <action android:name="androidx.profileinstaller.action.SAVE_PROFILE" />
76-->[androidx.profileinstaller:profileinstaller:1.3.1] AndroidManifest.xml:47:17-88
76-->[androidx.profileinstaller:profileinstaller:1.3.1] AndroidManifest.xml:47:25-85
77            </intent-filter>
78            <intent-filter>
78-->[androidx.profileinstaller:profileinstaller:1.3.1] AndroidManifest.xml:49:13-51:29
79                <action android:name="androidx.profileinstaller.action.BENCHMARK_OPERATION" />
79-->[androidx.profileinstaller:profileinstaller:1.3.1] AndroidManifest.xml:50:17-95
79-->[androidx.profileinstaller:profileinstaller:1.3.1] AndroidManifest.xml:50:25-92
80            </intent-filter>
81        </receiver>
82    </application>
83
84</manifest>